Temp/gradleOut/launcher/build/outputs/logs/manifest-merger-release-report.txt
-- Merging decision tree log ---
manifest
ADDED from src/main/AndroidManifest.xml:3:1-6:12
INJECTED from src/main/AndroidManifest.xml:3:1-6:12
INJECTED from src/main/AndroidManifest.xml:3:1-6:12
INJECTED from src/main/AndroidManifest.xml:3:1-6:12
MERGED from [:unityLibrary] AndroidManifest.xml:7:1-69:12
MERGED from [:admoblib-release:] AndroidManifest.xml:2:1-13:12
MERGED from [:customtabs-26.1.0:] AndroidManifest.xml:17:1-28:12
MERGED from [:play-services-ads-17.0.0:] AndroidManifest.xml:17:1-25:12
MERGED from [:play-services-ads-base-17.0.0:] AndroidManifest.xml:2:1-9:12
MERGED from [:play-services-ads-identifier-16.0.0:] AndroidManifest.xml:17:1-24:12
MERGED from [:play-services-ads-lite-17.0.0:] AndroidManifest.xml:17:1-42:12
MERGED from [:play-services-basement-16.0.1:] AndroidManifest.xml:17:1-28:12
MERGED from [:play-services-gass-17.0.0:] AndroidManifest.xml:2:1-9:12
MERGED from [:play-services-measurement-base-16.0.3:] AndroidManifest.xml:2:1-9:12
MERGED from [:play-services-measurement-sdk-api-16.0.2:] AndroidManifest.xml:17:1-30:12
MERGED from [:runtime-1.0.0:] AndroidManifest.xml:17:1-30:12
MERGED from [:support-compat-26.1.0:] AndroidManifest.xml:17:1-31:12
MERGED from [:support-core-ui-26.1.0:] AndroidManifest.xml:17:1-31:12
MERGED from [:support-core-utils-26.1.0:] AndroidManifest.xml:17:1-31:12
MERGED from [:support-fragment-26.1.0:] AndroidManifest.xml:17:1-31:12
MERGED from [:support-media-compat-26.1.0:] AndroidManifest.xml:17:1-31:12
MERGED from [:support-v4-26.1.0:] AndroidManifest.xml:17:1-31:12
MERGED from [:unity-adapter-2.1.0.0:] AndroidManifest.xml:2:1-12:12
MERGED from [:unity-ads-sdk-2.1:] AndroidManifest.xml:2:1-27:12
INJECTED from src/main/AndroidManifest.xml:3:1-6:12
INJECTED from src/main/AndroidManifest.xml:3:1-6:12
INJECTED from src/main/AndroidManifest.xml:3:1-6:12
	package
		ADDED from src/main/AndroidManifest.xml:3:70-106
		INJECTED from src/main/AndroidManifest.xml
		INJECTED from src/main/AndroidManifest.xml
	android:versionName
		INJECTED from src/main/AndroidManifest.xml
		ADDED from src/main/AndroidManifest.xml:3:1-6:12
		INJECTED from src/main/AndroidManifest.xml
	xmlns:tools
		ADDED from src/main/AndroidManifest.xml:3:107-153
	android:versionCode
		INJECTED from src/main/AndroidManifest.xml
		ADDED from src/main/AndroidManifest.xml:3:1-6:12
		INJECTED from src/main/AndroidManifest.xml
	xmlns:android
		ADDED from src/main/AndroidManifest.xml:3:11-69
	android:installLocation
		ADDED from src/main/AndroidManifest.xml:3:154-194
supports-screens
ADDED from src/main/AndroidManifest.xml:4:3-163
	android:largeScreens
		ADDED from src/main/AndroidManifest.xml:4:78-105
	android:smallScreens
		ADDED from src/main/AndroidManifest.xml:4:21-48
	android:normalScreens
		ADDED from src/main/AndroidManifest.xml:4:49-77
	android:xlargeScreens
		ADDED from src/main/AndroidManifest.xml:4:106-134
	android:anyDensity
		ADDED from src/main/AndroidManifest.xml:4:135-160
application
ADDED from src/main/AndroidManifest.xml:5:3-121
MERGED from [:unityLibrary] AndroidManifest.xml:35:5-67:19
MERGED from [:unityLibrary] AndroidManifest.xml:35:5-67:19
MERGED from [:customtabs-26.1.0:] AndroidManifest.xml:22:5-26:19
MERGED from [:customtabs-26.1.0:] AndroidManifest.xml:22:5-26:19
MERGED from [:play-services-ads-base-17.0.0:] AndroidManifest.xml:7:5-20
MERGED from [:play-services-ads-base-17.0.0:] AndroidManifest.xml:7:5-20
MERGED from [:play-services-ads-identifier-16.0.0:] AndroidManifest.xml:22:5-20
MERGED from [:play-services-ads-identifier-16.0.0:] AndroidManifest.xml:22:5-20
MERGED from [:play-services-ads-lite-17.0.0:] AndroidManifest.xml:26:5-40:19
MERGED from [:play-services-ads-lite-17.0.0:] AndroidManifest.xml:26:5-40:19
MERGED from [:play-services-basement-16.0.1:] AndroidManifest.xml:22:5-26:19
MERGED from [:play-services-basement-16.0.1:] AndroidManifest.xml:22:5-26:19
MERGED from [:play-services-gass-17.0.0:] AndroidManifest.xml:7:5-20
MERGED from [:play-services-gass-17.0.0:] AndroidManifest.xml:7:5-20
MERGED from [:play-services-measurement-base-16.0.3:] AndroidManifest.xml:7:5-20
MERGED from [:play-services-measurement-base-16.0.3:] AndroidManifest.xml:7:5-20
MERGED from [:play-services-measurement-sdk-api-16.0.2:] AndroidManifest.xml:27:5-28:19
MERGED from [:play-services-measurement-sdk-api-16.0.2:] AndroidManifest.xml:27:5-28:19
MERGED from [:runtime-1.0.0:] AndroidManifest.xml:24:5-28:19
MERGED from [:runtime-1.0.0:] AndroidManifest.xml:24:5-28:19
MERGED from [:support-compat-26.1.0:] AndroidManifest.xml:25:5-29:19
MERGED from [:support-compat-26.1.0:] AndroidManifest.xml:25:5-29:19
MERGED from [:support-core-ui-26.1.0:] AndroidManifest.xml:25:5-29:19
MERGED from [:support-core-ui-26.1.0:] AndroidManifest.xml:25:5-29:19
MERGED from [:support-core-utils-26.1.0:] AndroidManifest.xml:25:5-29:19
MERGED from [:support-core-utils-26.1.0:] AndroidManifest.xml:25:5-29:19
MERGED from [:support-fragment-26.1.0:] AndroidManifest.xml:25:5-29:19
MERGED from [:support-fragment-26.1.0:] AndroidManifest.xml:25:5-29:19
MERGED from [:support-media-compat-26.1.0:] AndroidManifest.xml:25:5-29:19
MERGED from [:support-media-compat-26.1.0:] AndroidManifest.xml:25:5-29:19
MERGED from [:support-v4-26.1.0:] AndroidManifest.xml:25:5-29:19
MERGED from [:support-v4-26.1.0:] AndroidManifest.xml:25:5-29:19
MERGED from [:unity-ads-sdk-2.1:] AndroidManifest.xml:14:5-25:19
MERGED from [:unity-ads-sdk-2.1:] AndroidManifest.xml:14:5-25:19
	android:label
		ADDED from src/main/AndroidManifest.xml:5:16-48
	android:icon
		ADDED from src/main/AndroidManifest.xml:5:49-80
	android:banner
		ADDED from src/main/AndroidManifest.xml:5:81-118
	android:theme
		ADDED from [:unityLibrary] AndroidManifest.xml:39:9-50
	android:isGame
		ADDED from [:unityLibrary] AndroidManifest.xml:37:9-30
uses-sdk
INJECTED from src/main/AndroidManifest.xml reason: use-sdk injection requested
INJECTED from src/main/AndroidManifest.xml
INJECTED from src/main/AndroidManifest.xml
MERGED from [:unityLibrary] AndroidManifest.xml:13:5-15:41
MERGED from [:unityLibrary] AndroidManifest.xml:13:5-15:41
MERGED from [:admoblib-release:] AndroidManifest.xml:7:5-9:41
MERGED from [:admoblib-release:] AndroidManifest.xml:7:5-9:41
MERGED from [:customtabs-26.1.0:] AndroidManifest.xml:20:5-44
MERGED from [:customtabs-26.1.0:] AndroidManifest.xml:20:5-44
MERGED from [:play-services-ads-17.0.0:] AndroidManifest.xml:21:5-23:62
MERGED from [:play-services-ads-17.0.0:] AndroidManifest.xml:21:5-23:62
MERGED from [:play-services-ads-base-17.0.0:] AndroidManifest.xml:5:5-44
MERGED from [:play-services-ads-base-17.0.0:] AndroidManifest.xml:5:5-44
MERGED from [:play-services-ads-identifier-16.0.0:] AndroidManifest.xml:20:5-44
MERGED from [:play-services-ads-identifier-16.0.0:] AndroidManifest.xml:20:5-44
MERGED from [:play-services-ads-lite-17.0.0:] AndroidManifest.xml:20:5-44
MERGED from [:play-services-ads-lite-17.0.0:] AndroidManifest.xml:20:5-44
MERGED from [:play-services-basement-16.0.1:] AndroidManifest.xml:20:5-44
MERGED from [:play-services-basement-16.0.1:] AndroidManifest.xml:20:5-44
MERGED from [:play-services-gass-17.0.0:] AndroidManifest.xml:5:5-44
MERGED from [:play-services-gass-17.0.0:] AndroidManifest.xml:5:5-44
MERGED from [:play-services-measurement-base-16.0.3:] AndroidManifest.xml:5:5-44
MERGED from [:play-services-measurement-base-16.0.3:] AndroidManifest.xml:5:5-44
MERGED from [:play-services-measurement-sdk-api-16.0.2:] AndroidManifest.xml:20:5-44
MERGED from [:play-services-measurement-sdk-api-16.0.2:] AndroidManifest.xml:20:5-44
MERGED from [:runtime-1.0.0:] AndroidManifest.xml:20:5-22:41
MERGED from [:runtime-1.0.0:] AndroidManifest.xml:20:5-22:41
MERGED from [:support-compat-26.1.0:] AndroidManifest.xml:21:5-23:58
MERGED from [:support-compat-26.1.0:] AndroidManifest.xml:21:5-23:58
MERGED from [:support-core-ui-26.1.0:] AndroidManifest.xml:21:5-23:58
MERGED from [:support-core-ui-26.1.0:] AndroidManifest.xml:21:5-23:58
MERGED from [:support-core-utils-26.1.0:] AndroidManifest.xml:21:5-23:61
MERGED from [:support-core-utils-26.1.0:] AndroidManifest.xml:21:5-23:61
MERGED from [:support-fragment-26.1.0:] AndroidManifest.xml:21:5-23:60
MERGED from [:support-fragment-26.1.0:] AndroidManifest.xml:21:5-23:60
MERGED from [:support-media-compat-26.1.0:] AndroidManifest.xml:21:5-23:63
MERGED from [:support-media-compat-26.1.0:] AndroidManifest.xml:21:5-23:63
MERGED from [:support-v4-26.1.0:] AndroidManifest.xml:21:5-23:54
MERGED from [:support-v4-26.1.0:] AndroidManifest.xml:21:5-23:54
MERGED from [:unity-adapter-2.1.0.0:] AndroidManifest.xml:8:5-10:11
MERGED from [:unity-adapter-2.1.0.0:] AndroidManifest.xml:8:5-10:11
MERGED from [:unity-ads-sdk-2.1:] AndroidManifest.xml:7:5-9:41
MERGED from [:unity-ads-sdk-2.1:] AndroidManifest.xml:7:5-9:41
INJECTED from src/main/AndroidManifest.xml
INJECTED from src/main/AndroidManifest.xml
	tools:overrideLibrary
		ADDED from [:play-services-ads-17.0.0:] AndroidManifest.xml:23:9-59
	android:targetSdkVersion
		INJECTED from src/main/AndroidManifest.xml
		ADDED from src/main/AndroidManifest.xml
		INJECTED from src/main/AndroidManifest.xml
	android:minSdkVersion
		INJECTED from src/main/AndroidManifest.xml
		ADDED from src/main/AndroidManifest.xml
		INJECTED from src/main/AndroidManifest.xml
uses-permission#android.permission.ACCESS_NETWORK_STATE
ADDED from [:unityLibrary] AndroidManifest.xml:17:5-79
MERGED from [:play-services-ads-lite-17.0.0:] AndroidManifest.xml:24:5-79
MERGED from [:play-services-ads-lite-17.0.0:] AndroidManifest.xml:24:5-79
MERGED from [:play-services-measurement-sdk-api-16.0.2:] AndroidManifest.xml:24:5-79
MERGED from [:play-services-measurement-sdk-api-16.0.2:] AndroidManifest.xml:24:5-79
MERGED from [:unity-ads-sdk-2.1:] AndroidManifest.xml:11:5-79
MERGED from [:unity-ads-sdk-2.1:] AndroidManifest.xml:11:5-79
	android:name
		ADDED from [:unityLibrary] AndroidManifest.xml:17:22-76
uses-permission#android.permission.INTERNET
ADDED from [:unityLibrary] AndroidManifest.xml:18:5-67
MERGED from [:admoblib-release:] AndroidManifest.xml:11:5-67
MERGED from [:admoblib-release:] AndroidManifest.xml:11:5-67
MERGED from [:play-services-ads-lite-17.0.0:] AndroidManifest.xml:23:5-67
MERGED from [:play-services-ads-lite-17.0.0:] AndroidManifest.xml:23:5-67
MERGED from [:play-services-measurement-sdk-api-16.0.2:] AndroidManifest.xml:23:5-67
MERGED from [:play-services-measurement-sdk-api-16.0.2:] AndroidManifest.xml:23:5-67
MERGED from [:unity-ads-sdk-2.1:] AndroidManifest.xml:12:5-67
MERGED from [:unity-ads-sdk-2.1:] AndroidManifest.xml:12:5-67
	android:name
		ADDED from [:unityLibrary] AndroidManifest.xml:18:22-64
uses-feature#0x00020000
ADDED from [:unityLibrary] AndroidManifest.xml:20:5-54
	android:glEsVersion
		ADDED from [:unityLibrary] AndroidManifest.xml:20:19-51
supports-gl-texture#GL_OES_compressed_ETC1_RGB8_texture
ADDED from [:unityLibrary] AndroidManifest.xml:22:5-79
	android:name
		ADDED from [:unityLibrary] AndroidManifest.xml:22:26-76
uses-feature#android.hardware.touchscreen
ADDED from [:unityLibrary] AndroidManifest.xml:24:5-26:36
	android:required
		ADDED from [:unityLibrary] AndroidManifest.xml:26:9-33
	android:name
		ADDED from [:unityLibrary] AndroidManifest.xml:25:9-52
uses-feature#android.hardware.touchscreen.multitouch
ADDED from [:unityLibrary] AndroidManifest.xml:27:5-29:36
	android:required
		ADDED from [:unityLibrary] AndroidManifest.xml:29:9-33
	android:name
		ADDED from [:unityLibrary] AndroidManifest.xml:28:9-63
uses-feature#android.hardware.touchscreen.multitouch.distinct
ADDED from [:unityLibrary] AndroidManifest.xml:30:5-32:36
	android:required
		ADDED from [:unityLibrary] AndroidManifest.xml:32:9-33
	android:name
		ADDED from [:unityLibrary] AndroidManifest.xml:31:9-72
activity#com.unity3d.player.UnityPlayerActivity
ADDED from [:unityLibrary] AndroidManifest.xml:40:9-53:20
	android:screenOrientation
		ADDED from [:unityLibrary] AndroidManifest.xml:46:13-50
	android:label
		ADDED from [:unityLibrary] AndroidManifest.xml:44:13-45
	android:launchMode
		ADDED from [:unityLibrary] AndroidManifest.xml:45:13-44
	android:hardwareAccelerated
		ADDED from [:unityLibrary] AndroidManifest.xml:43:13-48
	android:configChanges
		ADDED from [:unityLibrary] AndroidManifest.xml:42:13-194
	android:name
		ADDED from [:unityLibrary] AndroidManifest.xml:41:13-66
intent-filter#action:name:android.intent.action.MAIN+category:name:android.intent.category.LAUNCHER+category:name:android.intent.category.LEANBACK_LAUNCHER
ADDED from [:unityLibrary] AndroidManifest.xml:47:13-52:29
action#android.intent.action.MAIN
ADDED from [:unityLibrary] AndroidManifest.xml:48:17-69
	android:name
		ADDED from [:unityLibrary] AndroidManifest.xml:48:25-66
category#android.intent.category.LAUNCHER
ADDED from [:unityLibrary] AndroidManifest.xml:50:17-77
	android:name
		ADDED from [:unityLibrary] AndroidManifest.xml:50:27-74
category#android.intent.category.LEANBACK_LAUNCHER
ADDED from [:unityLibrary] AndroidManifest.xml:51:17-86
	android:name
		ADDED from [:unityLibrary] AndroidManifest.xml:51:27-83
meta-data#com.google.android.gms.ads.APPLICATION_ID
ADDED from [:unityLibrary] AndroidManifest.xml:55:9-57:70
	android:value
		ADDED from [:unityLibrary] AndroidManifest.xml:57:13-67
	android:name
		ADDED from [:unityLibrary] AndroidManifest.xml:56:13-69
meta-data#unity.splash-mode
ADDED from [:unityLibrary] AndroidManifest.xml:58:9-60:33
	android:value
		ADDED from [:unityLibrary] AndroidManifest.xml:60:13-30
	android:name
		ADDED from [:unityLibrary] AndroidManifest.xml:59:13-45
meta-data#unity.splash-enable
ADDED from [:unityLibrary] AndroidManifest.xml:61:9-63:36
	android:value
		ADDED from [:unityLibrary] AndroidManifest.xml:63:13-33
	android:name
		ADDED from [:unityLibrary] AndroidManifest.xml:62:13-47
meta-data#unity.build-id
ADDED from [:unityLibrary] AndroidManifest.xml:64:9-66:68
	android:value
		ADDED from [:unityLibrary] AndroidManifest.xml:66:13-65
	android:name
		ADDED from [:unityLibrary] AndroidManifest.xml:65:13-42
meta-data#android.support.VERSION
ADDED from [:customtabs-26.1.0:] AndroidManifest.xml:23:9-25:38
MERGED from [:support-compat-26.1.0:] AndroidManifest.xml:26:9-28:38
MERGED from [:support-compat-26.1.0:] AndroidManifest.xml:26:9-28:38
MERGED from [:support-core-ui-26.1.0:] AndroidManifest.xml:26:9-28:38
MERGED from [:support-core-ui-26.1.0:] AndroidManifest.xml:26:9-28:38
MERGED from [:support-core-utils-26.1.0:] AndroidManifest.xml:26:9-28:38
MERGED from [:support-core-utils-26.1.0:] AndroidManifest.xml:26:9-28:38
MERGED from [:support-fragment-26.1.0:] AndroidManifest.xml:26:9-28:38
MERGED from [:support-fragment-26.1.0:] AndroidManifest.xml:26:9-28:38
MERGED from [:support-media-compat-26.1.0:] AndroidManifest.xml:26:9-28:38
MERGED from [:support-media-compat-26.1.0:] AndroidManifest.xml:26:9-28:38
MERGED from [:support-v4-26.1.0:] AndroidManifest.xml:26:9-28:38
MERGED from [:support-v4-26.1.0:] AndroidManifest.xml:26:9-28:38
	android:value
		ADDED from [:customtabs-26.1.0:] AndroidManifest.xml:25:13-35
	android:name
		ADDED from [:customtabs-26.1.0:] AndroidManifest.xml:24:13-51
activity#com.google.android.gms.ads.AdActivity
ADDED from [:play-services-ads-lite-17.0.0:] AndroidManifest.xml:29:9-33:64
	android:exported
		ADDED from [:play-services-ads-lite-17.0.0:] AndroidManifest.xml:32:13-37
	android:configChanges
		ADDED from [:play-services-ads-lite-17.0.0:] AndroidManifest.xml:31:13-122
	android:theme
		ADDED from [:play-services-ads-lite-17.0.0:] AndroidManifest.xml:33:13-61
	android:name
		ADDED from [:play-services-ads-lite-17.0.0:] AndroidManifest.xml:30:13-65
provider#com.google.android.gms.ads.MobileAdsInitProvider
ADDED from [:play-services-ads-lite-17.0.0:] AndroidManifest.xml:35:9-39:39
	android:authorities
		ADDED from [:play-services-ads-lite-17.0.0:] AndroidManifest.xml:37:13-73
	android:exported
		ADDED from [:play-services-ads-lite-17.0.0:] AndroidManifest.xml:38:13-37
	android:initOrder
		ADDED from [:play-services-ads-lite-17.0.0:] AndroidManifest.xml:39:13-36
	android:name
		ADDED from [:play-services-ads-lite-17.0.0:] AndroidManifest.xml:36:13-76
meta-data#com.google.android.gms.version
ADDED from [:play-services-basement-16.0.1:] AndroidManifest.xml:23:9-25:69
	android:value
		ADDED from [:play-services-basement-16.0.1:] AndroidManifest.xml:25:13-66
	android:name
		ADDED from [:play-services-basement-16.0.1:] AndroidManifest.xml:24:13-58
uses-permission#android.permission.WAKE_LOCK
ADDED from [:play-services-measurement-sdk-api-16.0.2:] AndroidManifest.xml:25:5-68
	android:name
		ADDED from [:play-services-measurement-sdk-api-16.0.2:] AndroidManifest.xml:25:22-65
meta-data#android.arch.lifecycle.VERSION
ADDED from [:runtime-1.0.0:] AndroidManifest.xml:25:9-27:47
	android:value
		ADDED from [:runtime-1.0.0:] AndroidManifest.xml:27:13-44
	android:name
		ADDED from [:runtime-1.0.0:] AndroidManifest.xml:26:13-58
activity#com.unity3d.ads.adunit.AdUnitActivity
ADDED from [:unity-ads-sdk-2.1:] AndroidManifest.xml:15:9-19:74
	android:hardwareAccelerated
		ADDED from [:unity-ads-sdk-2.1:] AndroidManifest.xml:18:13-47
	android:configChanges
		ADDED from [:unity-ads-sdk-2.1:] AndroidManifest.xml:17:13-170
	android:theme
		ADDED from [:unity-ads-sdk-2.1:] AndroidManifest.xml:19:13-71
	android:name
		ADDED from [:unity-ads-sdk-2.1:] AndroidManifest.xml:16:13-65
activity#com.unity3d.ads.adunit.AdUnitSoftwareActivity
ADDED from [:unity-ads-sdk-2.1:] AndroidManifest.xml:20:9-24:74
	android:hardwareAccelerated
		ADDED from [:unity-ads-sdk-2.1:] AndroidManifest.xml:23:13-48
	android:configChanges
		ADDED from [:unity-ads-sdk-2.1:] AndroidManifest.xml:22:13-170
	android:theme
		ADDED from [:unity-ads-sdk-2.1:] AndroidManifest.xml:24:13-71
	android:name
		ADDED from [:unity-ads-sdk-2.1:] AndroidManifest.xml:21:13-73